2012-11-26 15:36:02 =CRASH REPORT====
  crasher:
    initial call: msgbus_worker:init/1
    pid: <0.65.0>
    registered_name: []
    exception exit: {{{badmatch,{error,econnrefused}},[{rabbitc,open_connect,1,[{file,"src/rabbitc.erl"},{line,20}]},{msgbus_worker,connect_amqp_server,1,[{file,"src/msgbus_worker.erl"},{line,165}]},{msgbus_worker,init,1,[{file,"src/msgbus_worker.erl"},{line,54}]},{gen_server,init_it,6,[{file,"gen_server.erl"},{line,304}]},{proc_lib,init_p_do_apply,3,[{file,"proc_lib.erl"},{line,227}]}]},[{gen_server,init_it,6,[{file,"gen_server.erl"},{line,328}]},{proc_lib,init_p_do_apply,3,[{file,"proc_lib.erl"},{line,227}]}]}
    ancestors: [msgbus_worker_sup,<0.62.0>]
    messages: []
    links: [<0.63.0>]
    dictionary: []
    trap_exit: false
    status: running
    heap_size: 987
    stack_size: 24
    reductions: 1242
  neighbours:
2012-11-26 15:36:02 =SUPERVISOR REPORT====
     Supervisor: {local,msgbus_worker_sup}
     Context:    start_error
     Reason:     {{badmatch,{error,econnrefused}},[{rabbitc,open_connect,1,[{file,"src/rabbitc.erl"},{line,20}]},{msgbus_worker,connect_amqp_server,1,[{file,"src/msgbus_worker.erl"},{line,165}]},{msgbus_worker,init,1,[{file,"src/msgbus_worker.erl"},{line,54}]},{gen_server,init_it,6,[{file,"gen_server.erl"},{line,304}]},{proc_lib,init_p_do_apply,3,[{file,"proc_lib.erl"},{line,227}]}]}
     Offender:   [{pid,undefined},{name,"push_oss"},{mfargs,{msgbus_worker,start_link,[[{"host","127.0.0.1"},{"port","5672"},{"username","ronalfei"},{"password","batisfei"},{"queue","push_oss"},{"worker","push_oss_worker"}]]}},{restart_type,permanent},{shutdown,5000},{child_type,worker}]

2012-11-26 15:37:29 =SUPERVISOR REPORT====
     Supervisor: {local,msgbus_worker_sup}
     Context:    start_error
     Reason:     {{badmatch,{error,econnrefused}},[{rabbitc,open_connect,1,[{file,"src/rabbitc.erl"},{line,20}]},{msgbus_worker,connect_amqp_server,1,[{file,"src/msgbus_worker.erl"},{line,165}]},{msgbus_worker,init,1,[{file,"src/msgbus_worker.erl"},{line,54}]},{gen_server,init_it,6,[{file,"gen_server.erl"},{line,304}]},{proc_lib,init_p_do_apply,3,[{file,"proc_lib.erl"},{line,227}]}]}
     Offender:   [{pid,undefined},{name,"push_oss"},{mfargs,{msgbus_worker,start_link,[[{"host","127.0.0.1"},{"port","5672"},{"username","ronalfei"},{"password","batisfei"},{"queue","push_oss"},{"worker","push_oss_worker"}]]}},{restart_type,permanent},{shutdown,5000},{child_type,worker}]

2012-11-26 15:37:29 =CRASH REPORT====
  crasher:
    initial call: msgbus_worker:init/1
    pid: <0.74.0>
    registered_name: []
    exception exit: {{{badmatch,{error,econnrefused}},[{rabbitc,open_connect,1,[{file,"src/rabbitc.erl"},{line,20}]},{msgbus_worker,connect_amqp_server,1,[{file,"src/msgbus_worker.erl"},{line,165}]},{msgbus_worker,init,1,[{file,"src/msgbus_worker.erl"},{line,54}]},{gen_server,init_it,6,[{file,"gen_server.erl"},{line,304}]},{proc_lib,init_p_do_apply,3,[{file,"proc_lib.erl"},{line,227}]}]},[{gen_server,init_it,6,[{file,"gen_server.erl"},{line,328}]},{proc_lib,init_p_do_apply,3,[{file,"proc_lib.erl"},{line,227}]}]}
    ancestors: [msgbus_worker_sup,<0.71.0>]
    messages: []
    links: []
    dictionary: []
    trap_exit: false
    status: running
    heap_size: 987
    stack_size: 24
    reductions: 1242
  neighbours:
